app/build/outputs/mapping/release/seeds.txt
dev.fabula.android.report.ui.ReportFragment$onViewCreated$$inlined$apply$lambda$8: void onClick(android.view.View)
dev.fabula.android.screen.measurements.ui.ScreenMeasurementsViewModule: void getAllStationPeregonsAndSupports(java.lang.String,java.lang.String,java.lang.String)
dev.fabula.android.screen.measurements.adapter.ScreenMeasurementsDiffUtilCallback: ScreenMeasurementsDiffUtilCallback()
dev.fabula.android.module.mtprotocol.glm100C.MtFrameConstants: int EN_FRAME_FORMAT_EXT
dev.fabula.android.measurements.list.repo.MeasurementsRepository: java.lang.Object getCountLastMeasurementsOfBridge(java.lang.String,int,kotlin.coroutines.Continuation)
dev.fabula.android.R$styleable: int CollapsingToolbarLayout_title
dev.fabula.android.bluetooth.bluetooth.ble_utils.BleScanCallback18: void onScanResult(dev.fabula.android.bluetooth.bluetooth.IScanResult)
dev.fabula.android.app.ui.ViewModelFragment$activityViewModel$1: java.lang.Object invoke()
dev.fabula.android.module.mtprotocol.glm100C.message.sync.SyncInputMessage: int configUnits
dev.fabula.android.R$style: int TextAppearance_AppCompat_Widget_ActionMode_Title_Inverse
dev.fabula.android.R$dimen: int mtrl_edittext_rectangle_top_offset
dev.fabula.android.measurements.union.list.di.DaggerUnionMeasurementsListComponent$Builder: dev.fabula.android.bosch.otg.di.BoschOtgModuleDataSource boschOtgModuleDataSource
dev.fabula.android.platform.ui.PlatformFragment: dev.fabula.android.list.items.model.ListItem access$getListItem$p(dev.fabula.android.platform.ui.PlatformFragment)
dev.fabula.android.profile.di.DaggerProfileComponent: void initialize(dev.fabula.android.synchronize.di.SyncApiModule,dev.fabula.android.measurements.create.di.CreateMeasurementsDaoModule,dev.fabula.android.measurements.create.di.CreateMeasurementsApiModule,dev.fabula.android.canopy.di.CanopyApiModule,dev.fabula.android.canopy.di.CanopyDaoModule,dev.fabula.android.station.peregon.di.StationPeregonModuleDao,dev.fabula.android.station.peregon.di.StationApiModule,dev.fabula.android.wire.contact.di.ContactWireDaoModule,dev.fabula.android.wire.contact.di.ContactWireApiModule,dev.fabula.android.wire.carrier.di.CarrierWireDaoModule,dev.fabula.android.dimensions.fence.di.DimensionsFenceApiModule,dev.fabula.android.dimensions.fence.di.DimensionsFenceDaoModule,dev.fabula.android.wire.carrier.di.CarrierWireApiModule,dev.fabula.android.platform.di.PlatformDaoModule,dev.fabula.android.platform.di.PlatformApiModule,dev.fabula.android.railway.di.RailwayDaoModule,dev.fabula.android.section.di.RailwaySectionDaoModule,dev.fabula.android.support.di.SupportDaoModule,dev.fabula.android.bridge.crossing.di.BridgeCrossingDaoModule,dev.fabula.android.measurements.type.di.MeasurementTypeDaoModule,dev.fabula.android.support.di.SupportApiModule,dev.fabula.android.bridge.crossing.di.BridgeApiModule,dev.fabula.android.app.di.AppComponent)
dev.fabula.android.bosch.otg.ui.BoschOtgFragment$onViewCreated$$inlined$apply$lambda$1: android.view.View $view$inlined
dev.fabula.android.R$id: int async
dev.fabula.android.R$id: int percent
dev.fabula.android.canopy.repo.CanopyRepository_Factory: dev.fabula.android.canopy.repo.CanopyRepository get()
dev.fabula.android.profile.ui.ProfileViewModel$checkNotSyncData$1$1: java.lang.Object L$0
dev.fabula.android.R$styleable: int RecyclerView_fastScrollHorizontalTrackDrawable
dev.fabula.android.module.mtprotocol.glm100C.frame.MtFrameByteReader: boolean boMsgRcvComplete
dev.fabula.android.bridge.crossing.di.BridgeApiModule: BridgeApiModule()
dev.fabula.android.screen.measurements.ui.ScreenMeasurementsFragment$onViewCreated$$inlined$apply$lambda$6
dev.fabula.android.railway.ui.RailwayFragment$onViewCreated$1: void invoke(dev.fabula.android.railway.model.Railway)
dev.fabula.android.R$style: int Widget_MaterialComponents_Button_TextButton
dev.fabula.android.section.model.RailwaySection: int hashCode()
dev.fabula.android.synchronize.repo.SyncRepository$syncMeasurement$1
...
kotlin.jvm.internal.FloatCompanionObject
kotlin.jvm.internal.TypeReference: java.lang.String asString(kotlin.reflect.KTypeProjection)
kotlin.reflect.KVisibility: KVisibility(java.lang.String,int)
com.google.android.material.appbar.AppBarLayout$BaseBehavior$SavedState: android.os.Parcelable$Creator CREATOR
androidx.appcompat.widget.LinearLayoutCompat: int getShowDividers()
kotlin.jvm.internal.Intrinsics: java.lang.String stringPlus(java.lang.String,java.lang.Object)
androidx.appcompat.widget.ActionBarOverlayLayout: void setIcon(android.graphics.drawable.Drawable)
androidx.appcompat.widget.AppCompatAutoCompleteTextView: void setDropDownBackgroundResource(int)
kotlin.jvm.internal.PropertyReference2: PropertyReference2(java.lang.Class,java.lang.String,java.lang.String,int)
kotlin.jvm.internal.FloatCompanionObject: int SIZE_BYTES
kotlin.reflect.KClass$DefaultImpls: void isData$annotations()
kotlin.jvm.internal.BooleanSpreadBuilder: boolean[] toArray()
kotlin.jvm.internal.CallableReference: CallableReference(java.lang.Object,java.lang.Class,java.lang.String,java.lang.String,boolean)
androidx.lifecycle.EmptyActivityLifecycleCallbacks: void onActivityStopped(android.app.Activity)
kotlin.jvm.internal.ArrayDoubleIterator: double nextDouble()
com.google.android.material.snackbar.SnackbarContentLayout
androidx.appcompat.widget.AppCompatTextView: void setBackgroundResource(int)
androidx.appcompat.widget.AppCompatButton: void setSupportCompoundDrawablesTintMode(android.graphics.PorterDuff$Mode)
kotlin.jvm.internal.PropertyReference0: PropertyReference0(java.lang.Object)
androidx.appcompat.widget.SearchView$SearchAutoComplete: SearchView$SearchAutoComplete(android.content.Context,android.util.AttributeSet)
androidx.fragment.app.Fragment: java.lang.String toString()
androidx.room.RoomDatabase: void assertNotSuspendingTransaction()
com.google.android.material.chip.Chip: Chip(android.content.Context,android.util.AttributeSet)
kotlin.jvm.internal.TypeParameterReference: boolean isReified
com.google.android.material.appbar.AppBarLayout: void setExpanded(boolean)
kotlinx.coroutines.CoroutineStart: kotlinx.coroutines.CoroutineStart valueOf(java.lang.String)
kotlin.jvm.internal.PropertyReference: boolean equals(java.lang.Object)
com.bumptech.glide.Registry$NoResultEncoderAvailableException
com.google.gson.FieldNamingPolicy: com.google.gson.FieldNamingPolicy[] values()
kotlin.jvm.internal.ArrayIterator: int index
androidx.constraintlayout.widget.ConstraintHelper: void setReferencedIds(int[])
com.google.android.material.bottomappbar.BottomAppBar: int getFabAlignmentMode()
kotlin.jvm.functions.FunctionN: java.lang.Object invoke(java.lang.Object[])
com.google.android.gms.dynamite.DynamiteModule$LoadingException
kotlin.io.AccessDeniedException
androidx.room.RoomDatabase$Callback: RoomDatabase$Callback()
kotlin.jvm.internal.MagicApiIntrinsics: int intMagicApiCall(int,java.lang.Object,java.lang.Object)
androidx.lifecycle.Lifecycle$Event: androidx.lifecycle.Lifecycle$Event ON_RESUME
com.google.android.material.button.MaterialButton: void setIconGravity(int)
com.google.android.material.textfield.TextInputLayout: float getBoxCornerRadiusTopStart()
kotlin.KotlinNothingValueException
kotlin.jvm.internal.PropertyReference0Impl: PropertyReference0Impl(java.lang.Class,java.lang.String,java.lang.String,int)
androidx.fragment.app.FragmentActivity: void startIntentSenderForResult(android.content.IntentSender,int,android.content.Intent,int,int,int,android.os.Bundle)
androidx.fragment.app.FragmentActivity: void startActivityForResult(android.content.Intent,int,android.os.Bundle)
kotlin.jvm.internal.PropertyReference1: kotlin.reflect.KProperty1$Getter getGetter()
kotlin.reflect.KParameter$Kind: kotlin.reflect.KParameter$Kind[] $VALUES
androidx.appcompat.widget.AppCompatAutoCompleteTextView: android.graphics.PorterDuff$Mode getSupportBackgroundTintMode()
com.google.android.material.textfield.TextInputLayout: void setHelperTextColor(android.content.res.ColorStateList)