app/build/outputs/mapping/release/usage.txt
dev.fabula.android.module.mtprotocol.linelaser.message.ClearCalibrationEvents.ClearCalibrationEventsMessage:
    public static void <clinit>()
...
androidx.room.util.DBUtil:
    public static android.database.Cursor query(androidx.room.RoomDatabase,androidx.sqlite.db.SupportSQLiteQuery,boolean)
    public static android.os.CancellationSignal createCancellationSignal()
    private void <init>()
androidx.constraintlayout.helper.widget.Flow
androidx.lifecycle.viewmodel.R
com.google.android.gms.common.util.RetainForClient
androidx.fragment.ktx.R$drawable
com.bumptech.glide.manager.DefaultConnectivityMonitorFactory:
    private static final java.lang.String TAG
    private static final java.lang.String NETWORK_PERMISSION
androidx.navigation.common.ktx.R$string
kotlinx.coroutines.internal.SegmentOrClosed
kotlinx.coroutines.selects.UnbiasedSelectBuilderImpl$invoke$3
okhttp3.internal.http2.Settings:
    boolean getEnablePush(boolean)
    int getMaxHeaderListSize(int)
    static final int DEFAULT_INITIAL_WINDOW_SIZE
    static final int HEADER_TABLE_SIZE
    static final int ENABLE_PUSH
    static final int MAX_CONCURRENT_STREAMS
    static final int MAX_FRAME_SIZE
    static final int MAX_HEADER_LIST_SIZE
    static final int INITIAL_WINDOW_SIZE
    static final int COUNT
kotlin.collections.ArraysKt___ArraysKt$asSequence$$inlined$Sequence$2
androidx.appcompat.resources.R$layout
androidx.navigation.ui.R$dimen
androidx.constraintlayout.motion.widget.KeyCycle$Loader
kotlin.LazyKt__LazyJVMKt:
    public static final kotlin.Lazy lazy(kotlin.LazyThreadSafetyMode,kotlin.jvm.functions.Function0)
    public static final kotlin.Lazy lazy(java.lang.Object,kotlin.jvm.functions.Function0)
    public void <init>()
androidx.navigation.ktx.R$id
androidx.drawerlayout.widget.DrawerLayout$ViewDragCallback
androidx.fragment.app.FragmentViewModelLazyKt$viewModels$2
kotlinx.coroutines.channels.ChannelsKt__Channels_commonKt$mapIndexedTo$3
kotlin.collections.ArraysKt___ArraysKt$groupingBy$1
com.vansuita.pickimage.R$color
com.google.android.gms.internal.location.zzd:
    public static void zza(android.os.Parcel,android.os.IInterface)
com.google.android.gms.internal.maps.zzw
com.santalu.maskara.R$layout
com.google.android.material.circularreveal.CircularRevealHelper$Delegate
androidx.navigation.ui.ktx.R$bool
androidx.navigation.ActionOnlyNavDirections
androidx.core.widget.PopupWindowCompat:
    private void <init>()
    public static boolean getOverlapAnchor(android.widget.PopupWindow)
    public static int getWindowLayoutType(android.widget.PopupWindow)
    private static final java.lang.String TAG
    private static java.lang.reflect.Method sGetWindowLayoutTypeMethod
    private static boolean sGetWindowLayoutTypeMethodAttempted
androidx.constraintlayout.motion.widget.KeyCycleOscillator$RotationSet
androidx.core.content.pm.PermissionInfoCompat
kotlin.io.SerializableKt
androidx.core.view.ViewCompat$ScrollIndicators
androidx.work.R$styleable
kotlinx.coroutines.flow.FlowKt__DistinctKt$distinctUntilChangedBy$$inlined$distinctUntilChangedBy$FlowKt__DistinctKt$1$2$1
androidx.core.view.NestedScrollingParentHelper:
    public void onStopNestedScroll(android.view.View)
androidx.room.paging.LimitOffsetDataSource$1
androidx.transition.Slide$CalculateSlide
androidx.core.view.accessibility.AccessibilityWindowInfoCompat
kotlinx.coroutines.channels.AbstractChannel$ReceiveSelect
com.google.android.material.bottomnavigation.BottomNavigationItemView$1
androidx.viewpager2.widget.ViewPager2$LinearLayoutManagerImpl
androidx.core.location.LocationManagerCompat
com.google.android.gms.common.internal.ServiceSpecificExtraArgs$CastExtraArgs
androidx.appcompat.widget.PopupMenu
androidx.appcompat.resources.R$integer
com.google.android.gms.common.internal.zal:
    public void <init>()
kotlinx.coroutines.flow.FlowKt__MergeKt$map$$inlined$unsafeTransform$1